<?xml version="1.0" encoding="UTF-8"?>
<testsuites name="jest tests" tests="25" failures="0" errors="0" time="4.023">
  <testsuite name="getLocation" errors="0" failures="0" skipped="0" timestamp="2025-02-23T18:43:26" time="1.076" tests="2">
    <testcase classname="getLocation returns location coordinates when permission is granted" name="getLocation returns location coordinates when permission is granted" time="0.01">
    </testcase>
    <testcase classname="getLocation returns null when permission is denied" name="getLocation returns null when permission is denied" time="0.008">
    </testcase>
  </testsuite>
  <testsuite name="handleCampusDirections" errors="0" failures="0" skipped="0" timestamp="2025-02-23T18:43:26" time="1.411" tests="1">
    <testcase classname="handleCampusDirections should show directions when &quot;Get directions&quot; button is pressed" name="handleCampusDirections should show directions when &quot;Get directions&quot; button is pressed" time="0.235">
    </testcase>
  </testsuite>
  <testsuite name="ArrivalDisplay Component" errors="0" failures="0" skipped="0" timestamp="2025-02-23T18:43:26" time="1.622" tests="2">
    <testcase classname="ArrivalDisplay Component renders weekday schedule correctly" name="ArrivalDisplay Component renders weekday schedule correctly" time="0.402">
    </testcase>
    <testcase classname="ArrivalDisplay Component shows no more buses message when all buses have passed" name="ArrivalDisplay Component shows no more buses message when all buses have passed" time="0.016">
    </testcase>
  </testsuite>
  <testsuite name="MapDirections component" errors="0" failures="0" skipped="0" timestamp="2025-02-23T18:43:26" time="1.629" tests="3">
    <testcase classname="MapDirections component should render null when userLocation or destinationLocation is missing" name="MapDirections component should render null when userLocation or destinationLocation is missing" time="0.086">
    </testcase>
    <testcase classname="MapDirections component should render Marker and MapViewDirections when userLocation and destinationLocation are provided" name="MapDirections component should render Marker and MapViewDirections when userLocation and destinationLocation are provided" time="0.011">
    </testcase>
    <testcase classname="MapDirections component should render MapViewDirections with correct origin and destination coordinates" name="MapDirections component should render MapViewDirections with correct origin and destination coordinates" time="0.016">
    </testcase>
  </testsuite>
  <testsuite name="TransitScreen Component" errors="0" failures="0" skipped="0" timestamp="2025-02-23T18:43:26" time="1.714" tests="4">
    <testcase classname="TransitScreen Component renders correctly" name="TransitScreen Component renders correctly" time="0.105">
    </testcase>
    <testcase classname="TransitScreen Component shows directions when button is pressed" name="TransitScreen Component shows directions when button is pressed" time="0.013">
    </testcase>
    <testcase classname="TransitScreen Component sets default mode to driving" name="TransitScreen Component sets default mode to driving" time="0.016">
    </testcase>
    <testcase classname="TransitScreen Component updates mode when mode buttons are pressed" name="TransitScreen Component updates mode when mode buttons are pressed" time="0.015">
    </testcase>
  </testsuite>
  <testsuite name="BuildingDirectionsMapScreen - Start and Destination Selection" errors="0" failures="0" skipped="0" timestamp="2025-02-23T18:43:26" time="2.165" tests="2">
    <testcase classname="BuildingDirectionsMapScreen - Start and Destination Selection displays &quot;Get Directions&quot; button when both start and destination buildings are selected" name="BuildingDirectionsMapScreen - Start and Destination Selection displays &quot;Get Directions&quot; button when both start and destination buildings are selected" time="0.167">
    </testcase>
    <testcase classname="BuildingDirectionsMapScreen - Start and Destination Selection sets the current building as start when &quot;Use My Current Location&quot; is pressed" name="BuildingDirectionsMapScreen - Start and Destination Selection sets the current building as start when &quot;Use My Current Location&quot; is pressed" time="0.068">
    </testcase>
  </testsuite>
  <testsuite name="undefined" errors="0" failures="0" skipped="0" timestamp="2025-02-23T18:43:26" time="2.521" tests="4">
    <testcase classname=" renders sign-in button when no session exists" name=" renders sign-in button when no session exists" time="0.082">
    </testcase>
    <testcase classname=" calls googleSignIn on button press" name=" calls googleSignIn on button press" time="0.071">
    </testcase>
    <testcase classname=" should sign out the user and reset the state" name=" should sign out the user and reset the state" time="0.072">
    </testcase>
    <testcase classname=" opens menu and selects calendar" name=" opens menu and selects calendar" time="0.079">
    </testcase>
  </testsuite>
  <testsuite name="MapScreen Toggle Button Tests" errors="0" failures="0" skipped="0" timestamp="2025-02-23T18:43:26" time="2.893" tests="2">
    <testcase classname="MapScreen Toggle Button Tests should render toggle buttons correctly" name="MapScreen Toggle Button Tests should render toggle buttons correctly" time="0.076">
    </testcase>
    <testcase classname="MapScreen Toggle Button Tests should update active button correctly when pressing SGW, Loyola, or User Location" name="MapScreen Toggle Button Tests should update active button correctly when pressing SGW, Loyola, or User Location" time="0.076">
    </testcase>
  </testsuite>
  <testsuite name="BuildingPopup" errors="0" failures="0" skipped="0" timestamp="2025-02-23T18:43:26" time="2.912" tests="5">
    <testcase classname="BuildingPopup renders correctly" name="BuildingPopup renders correctly" time="0.026">
    </testcase>
    <testcase classname="BuildingPopup calls onClose when close button is pressed" name="BuildingPopup calls onClose when close button is pressed" time="0.014">
    </testcase>
    <testcase classname="BuildingPopup does not render when building is null" name="BuildingPopup does not render when building is null" time="0.015">
    </testcase>
    <testcase classname="MapScreen renders polygons with correct colors" name="MapScreen renders polygons with correct colors" time="0.064">
    </testcase>
    <testcase classname="MapScreen renders BuildingPopup when polygon is pressed" name="MapScreen renders BuildingPopup when polygon is pressed" time="0.046">
    </testcase>
  </testsuite>
</testsuites>